Watching for file changes with StatReloader
Internal Server Error: /api/equations/
Traceback (most recent call last):
  File "/workspace/quadratic_equation_system/backend/venv/lib/python3.12/site-packages/django/db/backends/utils.py", line 105, in _execute
    return self.cursor.execute(sql, params)
           ^^^^^^^^^^^^^^^^^^^^^^^^^^^^^^^^
  File "/workspace/quadratic_equation_system/backend/venv/lib/python3.12/site-packages/django/db/backends/mysql/base.py", line 76, in execute
    return self.cursor.execute(query, args)
           ^^^^^^^^^^^^^^^^^^^^^^^^^^^^^^^^
  File "/workspace/quadratic_equation_system/backend/venv/lib/python3.12/site-packages/MySQLdb/cursors.py", line 179, in execute
    res = self._query(mogrified_query)
          ^^^^^^^^^^^^^^^^^^^^^^^^^^^^
  File "/workspace/quadratic_equation_system/backend/venv/lib/python3.12/site-packages/MySQLdb/cursors.py", line 330, in _query
    db.query(q)
  File "/workspace/quadratic_equation_system/backend/venv/lib/python3.12/site-packages/MySQLdb/connections.py", line 280, in query
    _mysql.connection.query(self, query)
MySQLdb.ProgrammingError: (1146, "Table 'quadratic_equations_db.equations_equation' doesn't exist")

The above exception was the direct cause of the following exception:

Traceback (most recent call last):
  File "/workspace/quadratic_equation_system/backend/venv/lib/python3.12/site-packages/django/core/handlers/exception.py", line 55, in inner
    response = get_response(request)
               ^^^^^^^^^^^^^^^^^^^^^
  File "/workspace/quadratic_equation_system/backend/venv/lib/python3.12/site-packages/django/core/handlers/base.py", line 197, in _get_response
    response = wrapped_callback(request, *callback_args, **callback_kwargs)
               ^^^^^^^^^^^^^^^^^^^^^^^^^^^^^^^^^^^^^^^^^^^^^^^^^^^^^^^^^^^^
  File "/workspace/quadratic_equation_system/backend/venv/lib/python3.12/site-packages/django/views/decorators/csrf.py", line 65, in _view_wrapper
    return view_func(request, *args, **kwargs)
           ^^^^^^^^^^^^^^^^^^^^^^^^^^^^^^^^^^^
  File "/workspace/quadratic_equation_system/backend/venv/lib/python3.12/site-packages/rest_framework/viewsets.py", line 125, in view
    return self.dispatch(request, *args, **kwargs)
           ^^^^^^^^^^^^^^^^^^^^^^^^^^^^^^^^^^^^^^^
  File "/workspace/quadratic_equation_system/backend/venv/lib/python3.12/site-packages/rest_framework/views.py", line 515, in dispatch
    response = self.handle_exception(exc)
               ^^^^^^^^^^^^^^^^^^^^^^^^^^
  File "/workspace/quadratic_equation_system/backend/venv/lib/python3.12/site-packages/rest_framework/views.py", line 475, in handle_exception
    self.raise_uncaught_exception(exc)
  File "/workspace/quadratic_equation_system/backend/venv/lib/python3.12/site-packages/rest_framework/views.py", line 486, in raise_uncaught_exception
    raise exc
  File "/workspace/quadratic_equation_system/backend/venv/lib/python3.12/site-packages/rest_framework/views.py", line 512, in dispatch
    response = handler(request, *args, **kwargs)
               ^^^^^^^^^^^^^^^^^^^^^^^^^^^^^^^^^
  File "/workspace/quadratic_equation_system/backend/venv/lib/python3.12/site-packages/rest_framework/mixins.py", line 46, in list
    return Response(serializer.data)
                    ^^^^^^^^^^^^^^^
  File "/workspace/quadratic_equation_system/backend/venv/lib/python3.12/site-packages/rest_framework/serializers.py", line 797, in data
    ret = super().data
          ^^^^^^^^^^^^
  File "/workspace/quadratic_equation_system/backend/venv/lib/python3.12/site-packages/rest_framework/serializers.py", line 251, in data
    self._data = self.to_representation(self.instance)
                 ^^^^^^^^^^^^^^^^^^^^^^^^^^^^^^^^^^^^^
  File "/workspace/quadratic_equation_system/backend/venv/lib/python3.12/site-packages/rest_framework/serializers.py", line 716, in to_representation
    self.child.to_representation(item) for item in iterable
                                                   ^^^^^^^^
  File "/workspace/quadratic_equation_system/backend/venv/lib/python3.12/site-packages/django/db/models/query.py", line 384, in __iter__
    self._fetch_all()
  File "/workspace/quadratic_equation_system/backend/venv/lib/python3.12/site-packages/django/db/models/query.py", line 1949, in _fetch_all
    self._result_cache = list(self._iterable_class(self))
                         ^^^^^^^^^^^^^^^^^^^^^^^^^^^^^^^^
  File "/workspace/quadratic_equation_system/backend/venv/lib/python3.12/site-packages/django/db/models/query.py", line 91, in __iter__
    results = compiler.execute_sql(
              ^^^^^^^^^^^^^^^^^^^^^
  File "/workspace/quadratic_equation_system/backend/venv/lib/python3.12/site-packages/django/db/models/sql/compiler.py", line 1623, in execute_sql
    cursor.execute(sql, params)
  File "/workspace/quadratic_equation_system/backend/venv/lib/python3.12/site-packages/django/db/backends/utils.py", line 122, in execute
    return super().execute(sql, params)
           ^^^^^^^^^^^^^^^^^^^^^^^^^^^^
  File "/workspace/quadratic_equation_system/backend/venv/lib/python3.12/site-packages/django/db/backends/utils.py", line 79, in execute
    return self._execute_with_wrappers(
           ^^^^^^^^^^^^^^^^^^^^^^^^^^^^
  File "/workspace/quadratic_equation_system/backend/venv/lib/python3.12/site-packages/django/db/backends/utils.py", line 92, in _execute_with_wrappers
    return executor(sql, params, many, context)
           ^^^^^^^^^^^^^^^^^^^^^^^^^^^^^^^^^^^^
  File "/workspace/quadratic_equation_system/backend/venv/lib/python3.12/site-packages/django/db/backends/utils.py", line 100, in _execute
    with self.db.wrap_database_errors:
         ^^^^^^^^^^^^^^^^^^^^^^^^^^^^
  File "/workspace/quadratic_equation_system/backend/venv/lib/python3.12/site-packages/django/db/utils.py", line 91, in __exit__
    raise dj_exc_value.with_traceback(traceback) from exc_value
  File "/workspace/quadratic_equation_system/backend/venv/lib/python3.12/site-packages/django/db/backends/utils.py", line 105, in _execute
    return self.cursor.execute(sql, params)
           ^^^^^^^^^^^^^^^^^^^^^^^^^^^^^^^^
  File "/workspace/quadratic_equation_system/backend/venv/lib/python3.12/site-packages/django/db/backends/mysql/base.py", line 76, in execute
    return self.cursor.execute(query, args)
           ^^^^^^^^^^^^^^^^^^^^^^^^^^^^^^^^
  File "/workspace/quadratic_equation_system/backend/venv/lib/python3.12/site-packages/MySQLdb/cursors.py", line 179, in execute
    res = self._query(mogrified_query)
          ^^^^^^^^^^^^^^^^^^^^^^^^^^^^
  File "/workspace/quadratic_equation_system/backend/venv/lib/python3.12/site-packages/MySQLdb/cursors.py", line 330, in _query
    db.query(q)
  File "/workspace/quadratic_equation_system/backend/venv/lib/python3.12/site-packages/MySQLdb/connections.py", line 280, in query
    _mysql.connection.query(self, query)
django.db.utils.ProgrammingError: (1146, "Table 'quadratic_equations_db.equations_equation' doesn't exist")
[25/Jul/2025 05:08:54] "GET /api/equations/ HTTP/1.1" 500 197390
[25/Jul/2025 05:09:03] "GET /api/equations/ HTTP/1.1" 200 2
[25/Jul/2025 05:09:08] "GET /api/equations/ HTTP/1.1" 200 2
[25/Jul/2025 05:09:17] "POST /api/equations/ HTTP/1.1" 201 176
[25/Jul/2025 05:09:21] "POST /api/equations/ HTTP/1.1" 201 173
[25/Jul/2025 05:09:25] "POST /api/equations/ HTTP/1.1" 201 167
[25/Jul/2025 05:09:28] "GET /api/equations/ HTTP/1.1" 200 520
[25/Jul/2025 05:09:35] "PUT /api/equations/1/ HTTP/1.1" 200 176
[25/Jul/2025 05:09:39] "DELETE /api/equations/3/ HTTP/1.1" 204 0
Not Found: /
[25/Jul/2025 05:13:12] "GET / HTTP/1.1" 404 2441
Not Found: /
[25/Jul/2025 05:13:56] "GET / HTTP/1.1" 404 2441
[25/Jul/2025 05:20:06] "POST /api/equations/calculate/ HTTP/1.1" 200 84
[25/Jul/2025 05:20:10] "GET /api/equations/ HTTP/1.1" 200 352
Not Found: /
[25/Jul/2025 05:21:37] "GET / HTTP/1.1" 404 2441
Not Found: /
[25/Jul/2025 05:21:42] "GET / HTTP/1.1" 404 2441
[25/Jul/2025 05:23:58] "GET /api/equations/ HTTP/1.1" 200 352
[25/Jul/2025 05:23:58] "GET /api/equations/ HTTP/1.1" 200 352
[25/Jul/2025 05:24:15] "OPTIONS /api/equations/calculate/ HTTP/1.1" 200 0
[25/Jul/2025 05:24:15] "POST /api/equations/calculate/ HTTP/1.1" 200 85
[25/Jul/2025 05:24:22] "OPTIONS /api/equations/ HTTP/1.1" 200 0
[25/Jul/2025 05:24:22] "POST /api/equations/ HTTP/1.1" 201 209
[25/Jul/2025 05:24:22] "GET /api/equations/ HTTP/1.1" 200 562
[25/Jul/2025 05:25:22] "OPTIONS /api/equations/4/ HTTP/1.1" 200 0
[25/Jul/2025 05:25:22] "PUT /api/equations/4/ HTTP/1.1" 200 176
[25/Jul/2025 05:25:22] "GET /api/equations/ HTTP/1.1" 200 529
[25/Jul/2025 05:25:37] "POST /api/equations/calculate/ HTTP/1.1" 200 85
[25/Jul/2025 05:25:43] "POST /api/equations/ HTTP/1.1" 201 209
[25/Jul/2025 05:25:43] "GET /api/equations/ HTTP/1.1" 200 739
[25/Jul/2025 05:26:18] "OPTIONS /api/equations/5/ HTTP/1.1" 200 0
[25/Jul/2025 05:26:18] "PUT /api/equations/5/ HTTP/1.1" 200 176
[25/Jul/2025 05:26:18] "GET /api/equations/ HTTP/1.1" 200 706
[25/Jul/2025 05:26:36] "POST /api/equations/calculate/ HTTP/1.1" 200 85
[25/Jul/2025 05:26:43] "POST /api/equations/ HTTP/1.1" 201 209
[25/Jul/2025 05:26:43] "GET /api/equations/ HTTP/1.1" 200 916
[25/Jul/2025 05:27:18] "OPTIONS /api/equations/6/ HTTP/1.1" 200 0
[25/Jul/2025 05:27:18] "PUT /api/equations/6/ HTTP/1.1" 200 176
[25/Jul/2025 05:27:18] "GET /api/equations/ HTTP/1.1" 200 883
[25/Jul/2025 05:27:32] "POST /api/equations/calculate/ HTTP/1.1" 200 85
[25/Jul/2025 05:27:37] "POST /api/equations/ HTTP/1.1" 201 209
[25/Jul/2025 05:27:37] "GET /api/equations/ HTTP/1.1" 200 1093
[25/Jul/2025 05:28:13] "OPTIONS /api/equations/7/ HTTP/1.1" 200 0
[25/Jul/2025 05:28:13] "PUT /api/equations/7/ HTTP/1.1" 200 176
[25/Jul/2025 05:28:13] "GET /api/equations/ HTTP/1.1" 200 1060
[25/Jul/2025 05:28:28] "POST /api/equations/calculate/ HTTP/1.1" 200 85
[25/Jul/2025 05:28:39] "POST /api/equations/ HTTP/1.1" 201 209
[25/Jul/2025 05:28:39] "GET /api/equations/ HTTP/1.1" 200 1270
Not Found: /
[25/Jul/2025 05:29:30] "GET / HTTP/1.1" 404 2441
[25/Jul/2025 05:29:32] "GET /api/equations/ HTTP/1.1" 200 1270
[25/Jul/2025 05:29:32] "GET /api/equations/ HTTP/1.1" 200 1270
[25/Jul/2025 05:29:34] "OPTIONS /api/equations/8/ HTTP/1.1" 200 0
[25/Jul/2025 05:29:34] "PUT /api/equations/8/ HTTP/1.1" 200 176
[25/Jul/2025 05:29:34] "GET /api/equations/ HTTP/1.1" 200 1237
Not Found: /
[25/Jul/2025 05:29:59] "GET / HTTP/1.1" 404 2441
[25/Jul/2025 05:30:35] "DELETE /api/equations/8/ HTTP/1.1" 204 0
[25/Jul/2025 05:30:39] "GET /api/equations/ HTTP/1.1" 200 1060
[25/Jul/2025 05:30:45] "GET /api/equations/ HTTP/1.1" 200 1060
[25/Jul/2025 05:30:45] "GET /api/equations/ HTTP/1.1" 200 1060
[25/Jul/2025 05:30:58] "GET /api/equations/ HTTP/1.1" 200 1060
[25/Jul/2025 05:31:13] "GET /api/equations/ HTTP/1.1" 200 1060
[25/Jul/2025 05:31:13] "GET /api/equations/ HTTP/1.1" 200 1060
[25/Jul/2025 05:31:20] "DELETE /api/equations/7/ HTTP/1.1" 204 0
[25/Jul/2025 05:31:20] "GET /api/equations/ HTTP/1.1" 200 883
Not Found: /
[25/Jul/2025 05:31:24] "GET / HTTP/1.1" 404 2441
[25/Jul/2025 05:31:41] "POST /api/equations/ HTTP/1.1" 201 178
[25/Jul/2025 05:31:41] "GET /api/equations/ HTTP/1.1" 200 1062
Not Found: /
[25/Jul/2025 05:32:24] "GET / HTTP/1.1" 404 2441
Not Found: /
[25/Jul/2025 05:33:13] "GET / HTTP/1.1" 404 2441
Not Found: /
[25/Jul/2025 05:33:18] "GET / HTTP/1.1" 404 2441
[25/Jul/2025 05:33:31] "GET /api/equations/ HTTP/1.1" 200 1062
[25/Jul/2025 05:33:32] "GET /api/equations/ HTTP/1.1" 200 1062
[25/Jul/2025 05:33:41] "OPTIONS /api/equations/ HTTP/1.1" 200 0
[25/Jul/2025 05:33:41] "POST /api/equations/ HTTP/1.1" 201 180
[25/Jul/2025 05:33:41] "GET /api/equations/ HTTP/1.1" 200 1243
Not Found: /
[25/Jul/2025 05:33:49] "GET / HTTP/1.1" 404 2441
Not Found: /
[25/Jul/2025 05:34:02] "GET / HTTP/1.1" 404 2441
Not Found: /favicon.ico
[25/Jul/2025 05:34:02] "GET /favicon.ico HTTP/1.1" 404 2492
[25/Jul/2025 05:34:11] "OPTIONS /api/equations/1/ HTTP/1.1" 200 0
[25/Jul/2025 05:34:11] "DELETE /api/equations/1/ HTTP/1.1" 204 0
[25/Jul/2025 05:34:11] "GET /api/equations/ HTTP/1.1" 200 1066
Not Found: /
[25/Jul/2025 05:34:16] "GET / HTTP/1.1" 404 2441
Not Found: /
[25/Jul/2025 05:35:01] "GET / HTTP/1.1" 404 2441
[25/Jul/2025 05:35:09] "GET /api/equations/ HTTP/1.1" 200 1066
[25/Jul/2025 05:35:10] "GET /api/equations/ HTTP/1.1" 200 1066
